2023-02-10 20:15:11.420  INFO 23716 --- [main] tn.esprit.FilmProjectApplication         : Starting FilmProjectApplication using Java 11.0.17 on DESKTOP-M5BUO2F with PID 23716 (D:\ProjectsSpring2023\FilmProject\target\classes started by user in D:\ProjectsSpring2023\FilmProject)
2023-02-10 20:15:11.424  INFO 23716 --- [main] tn.esprit.FilmProjectApplication         : No active profile set, falling back to 1 default profile: "default"
2023-02-10 20:15:12.219  INFO 23716 --- [main] .s.d.r.c.RepositoryConfigurationDelegate : Bootstrapping Spring Data JPA repositories in DEFAULT mode.
2023-02-10 20:15:12.274  INFO 23716 --- [main] .s.d.r.c.RepositoryConfigurationDelegate : Finished Spring Data repository scanning in 45 ms. Found 3 JPA repository interfaces.
2023-02-10 20:15:12.761  INFO 23716 --- [main] o.s.b.w.embedded.tomcat.TomcatWebServer  : Tomcat initialized with port(s): 8083 (http)
2023-02-10 20:15:12.769  INFO 23716 --- [main] o.apache.catalina.core.StandardService   : Starting service [Tomcat]
2023-02-10 20:15:12.770  INFO 23716 --- [main] org.apache.catalina.core.StandardEngine  : Starting Servlet engine: [Apache Tomcat/9.0.70]
2023-02-10 20:15:12.973  INFO 23716 --- [main] o.a.c.c.C.[Tomcat].[localhost].[/film]   : Initializing Spring embedded WebApplicationContext
2023-02-10 20:15:12.973  INFO 23716 --- [main] w.s.c.ServletWebServerApplicationContext : Root WebApplicationContext: initialization completed in 1499 ms
2023-02-10 20:15:13.144  INFO 23716 --- [main] o.hibernate.jpa.internal.util.LogHelper  : HHH000204: Processing PersistenceUnitInfo [name: default]
2023-02-10 20:15:13.181  INFO 23716 --- [main] org.hibernate.Version                    : HHH000412: Hibernate ORM core version 5.6.14.Final
2023-02-10 20:15:13.285  INFO 23716 --- [main] o.hibernate.annotations.common.Version   : HCANN000001: Hibernate Commons Annotations {5.1.2.Final}
2023-02-10 20:15:13.356  INFO 23716 --- [main] com.zaxxer.hikari.HikariDataSource       : HikariPool-1 - Starting...
2023-02-10 20:15:13.463  INFO 23716 --- [main] com.zaxxer.hikari.HikariDataSource       : HikariPool-1 - Start completed.
2023-02-10 20:15:13.472  INFO 23716 --- [main] org.hibernate.dialect.Dialect            : HHH000400: Using dialect: org.hibernate.dialect.MySQL5Dialect
2023-02-10 20:15:14.263  INFO 23716 --- [main] o.h.e.t.j.p.i.JtaPlatformInitiator       : HHH000490: Using JtaPlatform implementation: [org.hibernate.engine.transaction.jta.platform.internal.NoJtaPlatform]
2023-02-10 20:15:14.271  INFO 23716 --- [main] j.LocalContainerEntityManagerFactoryBean : Initialized JPA EntityManagerFactory for persistence unit 'default'
2023-02-10 20:15:14.627  WARN 23716 --- [main] JpaBaseConfiguration$JpaWebConfiguration : spring.jpa.open-in-view is enabled by default. Therefore, database queries may be performed during view rendering. Explicitly configure spring.jpa.open-in-view to disable this warning
2023-02-10 20:15:15.247  INFO 23716 --- [main] o.s.b.w.embedded.tomcat.TomcatWebServer  : Tomcat started on port(s): 8083 (http) with context path '/film'
2023-02-10 20:15:15.258  INFO 23716 --- [main] tn.esprit.FilmProjectApplication         : Started FilmProjectApplication in 4.184 seconds (JVM running for 4.883)
2023-02-10 20:18:27.058  INFO 23716 --- [SpringApplicationShutdownHook] j.LocalContainerEntityManagerFactoryBean : Closing JPA EntityManagerFactory for persistence unit 'default'
2023-02-10 20:18:27.061  INFO 23716 --- [SpringApplicationShutdownHook] com.zaxxer.hikari.HikariDataSource       : HikariPool-1 - Shutdown initiated...
2023-02-10 20:18:27.068  INFO 23716 --- [SpringApplicationShutdownHook] com.zaxxer.hikari.HikariDataSource       : HikariPool-1 - Shutdown completed.
2023-02-10 20:18:34.352  INFO 19592 --- [main] tn.esprit.FilmProjectApplication         : Starting FilmProjectApplication using Java 11.0.17 on DESKTOP-M5BUO2F with PID 19592 (D:\ProjectsSpring2023\FilmProject\target\classes started by user in D:\ProjectsSpring2023\FilmProject)
2023-02-10 20:18:34.357  INFO 19592 --- [main] tn.esprit.FilmProjectApplication         : No active profile set, falling back to 1 default profile: "default"
2023-02-10 20:18:35.058  INFO 19592 --- [main] .s.d.r.c.RepositoryConfigurationDelegate : Bootstrapping Spring Data JPA repositories in DEFAULT mode.
2023-02-10 20:18:35.096  INFO 19592 --- [main] .s.d.r.c.RepositoryConfigurationDelegate : Finished Spring Data repository scanning in 32 ms. Found 3 JPA repository interfaces.
2023-02-10 20:18:35.470  INFO 19592 --- [main] o.s.b.w.embedded.tomcat.TomcatWebServer  : Tomcat initialized with port(s): 8083 (http)
2023-02-10 20:18:35.477  INFO 19592 --- [main] o.apache.catalina.core.StandardService   : Starting service [Tomcat]
2023-02-10 20:18:35.478  INFO 19592 --- [main] org.apache.catalina.core.StandardEngine  : Starting Servlet engine: [Apache Tomcat/9.0.70]
2023-02-10 20:18:35.574  INFO 19592 --- [main] o.a.c.c.C.[Tomcat].[localhost].[/film]   : Initializing Spring embedded WebApplicationContext
2023-02-10 20:18:35.574  INFO 19592 --- [main] w.s.c.ServletWebServerApplicationContext : Root WebApplicationContext: initialization completed in 1150 ms
2023-02-10 20:18:35.730  INFO 19592 --- [main] o.hibernate.jpa.internal.util.LogHelper  : HHH000204: Processing PersistenceUnitInfo [name: default]
2023-02-10 20:18:35.768  INFO 19592 --- [main] org.hibernate.Version                    : HHH000412: Hibernate ORM core version 5.6.14.Final
2023-02-10 20:18:35.857  INFO 19592 --- [main] o.hibernate.annotations.common.Version   : HCANN000001: Hibernate Commons Annotations {5.1.2.Final}
2023-02-10 20:18:35.926  INFO 19592 --- [main] com.zaxxer.hikari.HikariDataSource       : HikariPool-1 - Starting...
2023-02-10 20:18:36.052  INFO 19592 --- [main] com.zaxxer.hikari.HikariDataSource       : HikariPool-1 - Start completed.
2023-02-10 20:18:36.072  INFO 19592 --- [main] org.hibernate.dialect.Dialect            : HHH000400: Using dialect: org.hibernate.dialect.MySQL5Dialect
2023-02-10 20:18:36.887  INFO 19592 --- [main] o.h.e.t.j.p.i.JtaPlatformInitiator       : HHH000490: Using JtaPlatform implementation: [org.hibernate.engine.transaction.jta.platform.internal.NoJtaPlatform]
2023-02-10 20:18:36.896  INFO 19592 --- [main] j.LocalContainerEntityManagerFactoryBean : Initialized JPA EntityManagerFactory for persistence unit 'default'
2023-02-10 20:18:37.246  WARN 19592 --- [main] JpaBaseConfiguration$JpaWebConfiguration : spring.jpa.open-in-view is enabled by default. Therefore, database queries may be performed during view rendering. Explicitly configure spring.jpa.open-in-view to disable this warning
2023-02-10 20:18:37.795  INFO 19592 --- [main] o.s.b.w.embedded.tomcat.TomcatWebServer  : Tomcat started on port(s): 8083 (http) with context path '/film'
2023-02-10 20:18:37.806  INFO 19592 --- [main] tn.esprit.FilmProjectApplication         : Started FilmProjectApplication in 3.824 seconds (JVM running for 4.61)
2023-02-10 20:18:53.749  INFO 19592 --- [http-nio-8083-exec-1] o.a.c.c.C.[Tomcat].[localhost].[/film]   : Initializing Spring DispatcherServlet 'dispatcherServlet'
2023-02-10 20:18:53.752  INFO 19592 --- [http-nio-8083-exec-1] o.s.web.servlet.DispatcherServlet        : Initializing Servlet 'dispatcherServlet'
2023-02-10 20:18:53.754  INFO 19592 --- [http-nio-8083-exec-1] o.s.web.servlet.DispatcherServlet        : Completed initialization in 2 ms
2023-02-10 20:18:53.958  WARN 19592 --- [http-nio-8083-exec-1] tn.esprit.Services.Serverses             : le Film est Ajouté avec  succes
2023-02-10 20:21:17.238  INFO 19592 --- [SpringApplicationShutdownHook] j.LocalContainerEntityManagerFactoryBean : Closing JPA EntityManagerFactory for persistence unit 'default'
2023-02-10 20:21:17.240  INFO 19592 --- [SpringApplicationShutdownHook] com.zaxxer.hikari.HikariDataSource       : HikariPool-1 - Shutdown initiated...
2023-02-10 20:21:17.246  INFO 19592 --- [SpringApplicationShutdownHook] com.zaxxer.hikari.HikariDataSource       : HikariPool-1 - Shutdown completed.
2023-02-10 20:21:20.487  INFO 3700 --- [main] tn.esprit.FilmProjectApplication         : Starting FilmProjectApplication using Java 11.0.17 on DESKTOP-M5BUO2F with PID 3700 (D:\ProjectsSpring2023\FilmProject\target\classes started by user in D:\ProjectsSpring2023\FilmProject)
2023-02-10 20:21:20.489  INFO 3700 --- [main] tn.esprit.FilmProjectApplication         : No active profile set, falling back to 1 default profile: "default"
2023-02-10 20:21:21.125  INFO 3700 --- [main] .s.d.r.c.RepositoryConfigurationDelegate : Bootstrapping Spring Data JPA repositories in DEFAULT mode.
2023-02-10 20:21:21.167  INFO 3700 --- [main] .s.d.r.c.RepositoryConfigurationDelegate : Finished Spring Data repository scanning in 36 ms. Found 3 JPA repository interfaces.
2023-02-10 20:21:21.567  INFO 3700 --- [main] o.s.b.w.embedded.tomcat.TomcatWebServer  : Tomcat initialized with port(s): 8083 (http)
2023-02-10 20:21:21.573  INFO 3700 --- [main] o.apache.catalina.core.StandardService   : Starting service [Tomcat]
2023-02-10 20:21:21.574  INFO 3700 --- [main] org.apache.catalina.core.StandardEngine  : Starting Servlet engine: [Apache Tomcat/9.0.70]
2023-02-10 20:21:21.658  INFO 3700 --- [main] o.a.c.c.C.[Tomcat].[localhost].[/film]   : Initializing Spring embedded WebApplicationContext
2023-02-10 20:21:21.658  INFO 3700 --- [main] w.s.c.ServletWebServerApplicationContext : Root WebApplicationContext: initialization completed in 1131 ms
2023-02-10 20:21:21.789  INFO 3700 --- [main] o.hibernate.jpa.internal.util.LogHelper  : HHH000204: Processing PersistenceUnitInfo [name: default]
2023-02-10 20:21:21.832  INFO 3700 --- [main] org.hibernate.Version                    : HHH000412: Hibernate ORM core version 5.6.14.Final
2023-02-10 20:21:21.920  INFO 3700 --- [main] o.hibernate.annotations.common.Version   : HCANN000001: Hibernate Commons Annotations {5.1.2.Final}
2023-02-10 20:21:21.981  INFO 3700 --- [main] com.zaxxer.hikari.HikariDataSource       : HikariPool-1 - Starting...
2023-02-10 20:21:22.089  INFO 3700 --- [main] com.zaxxer.hikari.HikariDataSource       : HikariPool-1 - Start completed.
2023-02-10 20:21:22.096  INFO 3700 --- [main] org.hibernate.dialect.Dialect            : HHH000400: Using dialect: org.hibernate.dialect.MySQL5Dialect
2023-02-10 20:21:22.815  INFO 3700 --- [main] o.h.e.t.j.p.i.JtaPlatformInitiator       : HHH000490: Using JtaPlatform implementation: [org.hibernate.engine.transaction.jta.platform.internal.NoJtaPlatform]
2023-02-10 20:21:22.823  INFO 3700 --- [main] j.LocalContainerEntityManagerFactoryBean : Initialized JPA EntityManagerFactory for persistence unit 'default'
2023-02-10 20:21:23.158  WARN 3700 --- [main] JpaBaseConfiguration$JpaWebConfiguration : spring.jpa.open-in-view is enabled by default. Therefore, database queries may be performed during view rendering. Explicitly configure spring.jpa.open-in-view to disable this warning
2023-02-10 20:21:23.679  INFO 3700 --- [main] o.s.b.w.embedded.tomcat.TomcatWebServer  : Tomcat started on port(s): 8083 (http) with context path '/film'
2023-02-10 20:21:23.690  INFO 3700 --- [main] tn.esprit.FilmProjectApplication         : Started FilmProjectApplication in 3.518 seconds (JVM running for 4.2)
2023-02-10 20:23:01.074  INFO 3700 --- [SpringApplicationShutdownHook] j.LocalContainerEntityManagerFactoryBean : Closing JPA EntityManagerFactory for persistence unit 'default'
2023-02-10 20:23:01.076  INFO 3700 --- [SpringApplicationShutdownHook] com.zaxxer.hikari.HikariDataSource       : HikariPool-1 - Shutdown initiated...
2023-02-10 20:23:01.081  INFO 3700 --- [SpringApplicationShutdownHook] com.zaxxer.hikari.HikariDataSource       : HikariPool-1 - Shutdown completed.
2023-02-10 20:23:04.299  INFO 324 --- [main] tn.esprit.FilmProjectApplication         : Starting FilmProjectApplication using Java 11.0.17 on DESKTOP-M5BUO2F with PID 324 (D:\ProjectsSpring2023\FilmProject\target\classes started by user in D:\ProjectsSpring2023\FilmProject)
2023-02-10 20:23:04.302  INFO 324 --- [main] tn.esprit.FilmProjectApplication         : No active profile set, falling back to 1 default profile: "default"
2023-02-10 20:23:04.916  INFO 324 --- [main] .s.d.r.c.RepositoryConfigurationDelegate : Bootstrapping Spring Data JPA repositories in DEFAULT mode.
2023-02-10 20:23:04.973  INFO 324 --- [main] .s.d.r.c.RepositoryConfigurationDelegate : Finished Spring Data repository scanning in 50 ms. Found 3 JPA repository interfaces.
2023-02-10 20:23:05.384  INFO 324 --- [main] o.s.b.w.embedded.tomcat.TomcatWebServer  : Tomcat initialized with port(s): 8083 (http)
2023-02-10 20:23:05.391  INFO 324 --- [main] o.apache.catalina.core.StandardService   : Starting service [Tomcat]
2023-02-10 20:23:05.391  INFO 324 --- [main] org.apache.catalina.core.StandardEngine  : Starting Servlet engine: [Apache Tomcat/9.0.70]
2023-02-10 20:23:05.480  INFO 324 --- [main] o.a.c.c.C.[Tomcat].[localhost].[/film]   : Initializing Spring embedded WebApplicationContext
2023-02-10 20:23:05.480  INFO 324 --- [main] w.s.c.ServletWebServerApplicationContext : Root WebApplicationContext: initialization completed in 1121 ms
2023-02-10 20:23:05.612  INFO 324 --- [main] o.hibernate.jpa.internal.util.LogHelper  : HHH000204: Processing PersistenceUnitInfo [name: default]
2023-02-10 20:23:05.662  INFO 324 --- [main] org.hibernate.Version                    : HHH000412: Hibernate ORM core version 5.6.14.Final
2023-02-10 20:23:05.779  INFO 324 --- [main] o.hibernate.annotations.common.Version   : HCANN000001: Hibernate Commons Annotations {5.1.2.Final}
2023-02-10 20:23:05.869  INFO 324 --- [main] com.zaxxer.hikari.HikariDataSource       : HikariPool-1 - Starting...
2023-02-10 20:23:05.972  INFO 324 --- [main] com.zaxxer.hikari.HikariDataSource       : HikariPool-1 - Start completed.
2023-02-10 20:23:05.981  INFO 324 --- [main] org.hibernate.dialect.Dialect            : HHH000400: Using dialect: org.hibernate.dialect.MySQL5Dialect
2023-02-10 20:23:07.191  INFO 324 --- [main] o.h.e.t.j.p.i.JtaPlatformInitiator       : HHH000490: Using JtaPlatform implementation: [org.hibernate.engine.transaction.jta.platform.internal.NoJtaPlatform]
2023-02-10 20:23:07.200  INFO 324 --- [main] j.LocalContainerEntityManagerFactoryBean : Initialized JPA EntityManagerFactory for persistence unit 'default'
2023-02-10 20:23:07.537  WARN 324 --- [main] JpaBaseConfiguration$JpaWebConfiguration : spring.jpa.open-in-view is enabled by default. Therefore, database queries may be performed during view rendering. Explicitly configure spring.jpa.open-in-view to disable this warning
2023-02-10 20:23:08.135  INFO 324 --- [main] o.s.b.w.embedded.tomcat.TomcatWebServer  : Tomcat started on port(s): 8083 (http) with context path '/film'
2023-02-10 20:23:08.148  INFO 324 --- [main] tn.esprit.FilmProjectApplication         : Started FilmProjectApplication in 4.185 seconds (JVM running for 4.908)
2023-02-10 20:24:11.669  INFO 324 --- [SpringApplicationShutdownHook] j.LocalContainerEntityManagerFactoryBean : Closing JPA EntityManagerFactory for persistence unit 'default'
2023-02-10 20:24:11.671  INFO 324 --- [SpringApplicationShutdownHook] com.zaxxer.hikari.HikariDataSource       : HikariPool-1 - Shutdown initiated...
2023-02-10 20:24:11.677  INFO 324 --- [SpringApplicationShutdownHook] com.zaxxer.hikari.HikariDataSource       : HikariPool-1 - Shutdown completed.
2023-02-10 20:24:15.990  INFO 22728 --- [main] tn.esprit.FilmProjectApplication         : Starting FilmProjectApplication using Java 11.0.17 on DESKTOP-M5BUO2F with PID 22728 (D:\ProjectsSpring2023\FilmProject\target\classes started by user in D:\ProjectsSpring2023\FilmProject)
2023-02-10 20:24:15.997  INFO 22728 --- [main] tn.esprit.FilmProjectApplication         : No active profile set, falling back to 1 default profile: "default"
2023-02-10 20:24:16.764  INFO 22728 --- [main] .s.d.r.c.RepositoryConfigurationDelegate : Bootstrapping Spring Data JPA repositories in DEFAULT mode.
2023-02-10 20:24:16.805  INFO 22728 --- [main] .s.d.r.c.RepositoryConfigurationDelegate : Finished Spring Data repository scanning in 35 ms. Found 3 JPA repository interfaces.
2023-02-10 20:24:17.184  INFO 22728 --- [main] o.s.b.w.embedded.tomcat.TomcatWebServer  : Tomcat initialized with port(s): 8083 (http)
2023-02-10 20:24:17.191  INFO 22728 --- [main] o.apache.catalina.core.StandardService   : Starting service [Tomcat]
2023-02-10 20:24:17.192  INFO 22728 --- [main] org.apache.catalina.core.StandardEngine  : Starting Servlet engine: [Apache Tomcat/9.0.70]
2023-02-10 20:24:17.321  INFO 22728 --- [main] o.a.c.c.C.[Tomcat].[localhost].[/film]   : Initializing Spring embedded WebApplicationContext
2023-02-10 20:24:17.322  INFO 22728 --- [main] w.s.c.ServletWebServerApplicationContext : Root WebApplicationContext: initialization completed in 1272 ms
2023-02-10 20:24:17.498  INFO 22728 --- [main] o.hibernate.jpa.internal.util.LogHelper  : HHH000204: Processing PersistenceUnitInfo [name: default]
2023-02-10 20:24:17.535  INFO 22728 --- [main] org.hibernate.Version                    : HHH000412: Hibernate ORM core version 5.6.14.Final
2023-02-10 20:24:17.640  INFO 22728 --- [main] o.hibernate.annotations.common.Version   : HCANN000001: Hibernate Commons Annotations {5.1.2.Final}
2023-02-10 20:24:17.721  INFO 22728 --- [main] com.zaxxer.hikari.HikariDataSource       : HikariPool-1 - Starting...
2023-02-10 20:24:17.837  INFO 22728 --- [main] com.zaxxer.hikari.HikariDataSource       : HikariPool-1 - Start completed.
2023-02-10 20:24:17.846  INFO 22728 --- [main] org.hibernate.dialect.Dialect            : HHH000400: Using dialect: org.hibernate.dialect.MySQL5Dialect
2023-02-10 20:24:19.022  INFO 22728 --- [main] o.h.e.t.j.p.i.JtaPlatformInitiator       : HHH000490: Using JtaPlatform implementation: [org.hibernate.engine.transaction.jta.platform.internal.NoJtaPlatform]
2023-02-10 20:24:19.030  INFO 22728 --- [main] j.LocalContainerEntityManagerFactoryBean : Initialized JPA EntityManagerFactory for persistence unit 'default'
2023-02-10 20:24:19.399  WARN 22728 --- [main] JpaBaseConfiguration$JpaWebConfiguration : spring.jpa.open-in-view is enabled by default. Therefore, database queries may be performed during view rendering. Explicitly configure spring.jpa.open-in-view to disable this warning
2023-02-10 20:24:19.961  INFO 22728 --- [main] o.s.b.w.embedded.tomcat.TomcatWebServer  : Tomcat started on port(s): 8083 (http) with context path '/film'
2023-02-10 20:24:19.972  INFO 22728 --- [main] tn.esprit.FilmProjectApplication         : Started FilmProjectApplication in 4.451 seconds (JVM running for 5.661)
2023-02-10 20:26:30.010  INFO 22728 --- [SpringApplicationShutdownHook] j.LocalContainerEntityManagerFactoryBean : Closing JPA EntityManagerFactory for persistence unit 'default'
2023-02-10 20:26:30.012  INFO 22728 --- [SpringApplicationShutdownHook] com.zaxxer.hikari.HikariDataSource       : HikariPool-1 - Shutdown initiated...
2023-02-10 20:26:30.019  INFO 22728 --- [SpringApplicationShutdownHook] com.zaxxer.hikari.HikariDataSource       : HikariPool-1 - Shutdown completed.
